<?xml version="1.0" encoding="UTF-8"?>
<testng-results skipped="0" failed="0" total="1" passed="1">
  <reporter-output>
  </reporter-output>
  <suite name="Default suite" duration-ms="19234" started-at="2021-08-16T03:55:14Z" finished-at="2021-08-16T03:55:33Z">
    <groups>
    </groups>
    <test name="Default test" duration-ms="19234" started-at="2021-08-16T03:55:14Z" finished-at="2021-08-16T03:55:33Z">
      <class name="com.demong.NewTest">
        <test-method status="PASS" signature="f()[pri:0, instance:com.demong.NewTest@1efbd816]" name="f" duration-ms="19183" started-at="2021-08-16T09:25:14Z" finished-at="2021-08-16T09:25:33Z">
          <reporter-output>
          </reporter-output>
        </test-method> <!-- f -->
        <test-method status="PASS" signature="afterClass()[pri:0, instance:com.demong.NewTest@1efbd816]" name="afterClass" is-config="true" duration-ms="2" started-at="2021-08-16T09:25:33Z" finished-at="2021-08-16T09:25:33Z">
          <reporter-output>
          </reporter-output>
        </test-method> <!-- afterClass -->
      </class> <!-- com.demong.NewTest -->
    </test> <!-- Default test -->
  </suite> <!-- Default suite -->
</testng-results>
